<?xml version="1.0" encoding="UTF-8"?>
<!-- Generated by org.testng.reporters.JUnitReportReporter -->
<testsuite skipped="0" hostname="CPX-EBFCMPPHL5H" name="com.googlesearch.Searchgoogletask1" tests="1" failures="0" timestamp="29 Jun 2019 20:07:47 GMT" time="5.823" errors="0">
  <testcase name="testing1" time="5.823" classname="com.googlesearch.Searchgoogletask1"/>
</testsuite> <!-- com.googlesearch.Searchgoogletask1 -->
