<?xml version="1.0" encoding="UTF-8"?>
<!-- Generated by org.testng.reporters.JUnitReportReporter -->
<testsuite skipped="0" hostname="CPX-EBFCMPPHL5H" name="com.googlesearch.Searchgoogletask2" tests="1" failures="0" timestamp="29 Jun 2019 20:07:47 GMT" time="15.921" errors="0">
  <testcase name="testing" time="15.921" classname="com.googlesearch.Searchgoogletask2"/>
</testsuite> <!-- com.googlesearch.Searchgoogletask2 -->
