<?xml version="1.0" encoding="UTF-8"?>
<!-- Generated by org.testng.reporters.JUnitReportReporter -->
<testsuite skipped="0" hostname="CPX-EBFCMPPHL5H" name="googlesearch.Searchgoogletask1" tests="2" failures="0" timestamp="29 Jun 2019 15:21:51 GMT" time="7.580" errors="0">
  <testcase name="testing1" time="2.242" classname="googlesearch.Searchgoogletask1"/>
  <testcase name="testing" time="5.338" classname="googlesearch.Searchgoogletask1"/>
</testsuite> <!-- googlesearch.Searchgoogletask1 -->
