<?xml version="1.0" encoding="UTF-8"?>
<!-- Generated by org.testng.reporters.JUnitReportReporter -->
<testsuite skipped="0" hostname="CPX-EBFCMPPHL5H" name="googlesearch.Scenario2" tests="1" failures="0" timestamp="29 Jun 2019 17:48:01 GMT" time="13.797" errors="0">
  <testcase name="testing" time="13.797" classname="googlesearch.Scenario2"/>
</testsuite> <!-- googlesearch.Scenario2 -->
